<?xml version="1.0" encoding="UTF-8"?>
<testsuite name="NavigationTest" tests="1" skipped="0" failures="0" errors="0" timestamp="2024-08-13T20:20:05" hostname="TI-586H" time="52.888">
  <properties/>
  <testcase name="AfiliadoGenerico()" classname="NavigationTest" time="52.888"/>
  <system-out><![CDATA[]]></system-out>
  <system-err><![CDATA[Starting ChromeDriver 127.0.6533.99 (f31af5097d90ef5ae5bd7b8700199bc6189ba34d-refs/branch-heads/6533@{#1910}) on port 63362
Only local connections are allowed.
Please see https://chromedriver.chromium.org/security-considerations for suggestions on keeping ChromeDriver safe.
ChromeDriver was started successfully.
ago 13, 2024 3:20:06 P. M. org.openqa.selenium.remote.ProtocolHandshake createSession
INFO: Detected dialect: W3C
]]></system-err>
</testsuite>
